# JRE version: OpenJDK Runtime Environment (8.0_152-b01) (build 1.8.0_152-release-915-b01)
# Java VM: OpenJDK 64-Bit Server VM (25.152-b01 mixed mode windows-amd64 compressed oops)
Heap:
 PSYoungGen      total 206336K, used 90573K [0x00000000eab00000, 0x00000000fa380000, 0x0000000100000000)
  eden space 181760K, 44% used [0x00000000eab00000,0x00000000efad3d68,0x00000000f5c80000)
  from space 24576K, 35% used [0x00000000f5c80000,0x00000000f651f900,0x00000000f7480000)
  to   space 24064K, 0% used [0x00000000f8c00000,0x00000000f8c00000,0x00000000fa380000)
 ParOldGen       total 176128K, used 48088K [0x00000000c0000000, 0x00000000cac00000, 0x00000000eab00000)
  object space 176128K, 27% used [0x00000000c0000000,0x00000000c2ef60a0,0x00000000cac00000)
 Metaspace       used 65227K, capacity 68892K, committed 69120K, reserved 1107968K
  class space    used 8736K, capacity 9614K, committed 9728K, reserved 1048576K
GC Heap History (10 events):
Event: 10.754 GC heap before
{Heap before GC invocations=12 (full 2):
 PSYoungGen      total 146432K, used 146430K [0x00000000eab00000, 0x00000000f6400000, 0x0000000100000000)
  eden space 133632K, 100% used [0x00000000eab00000,0x00000000f2d80000,0x00000000f2d80000)
  from space 12800K, 99% used [0x00000000f2d80000,0x00000000f39ffbb8,0x00000000f3a00000)
  to   space 16384K, 0% used [0x00000000f5400000,0x00000000f5400000,0x00000000f6400000)
 ParOldGen       total 107008K, used 22106K [0x00000000c0000000, 0x00000000c6880000, 0x00000000eab00000)
  object space 107008K, 20% used [0x00000000c0000000,0x00000000c1596858,0x00000000c6880000)
 Metaspace       used 54130K, capacity 56024K, committed 56064K, reserved 1097728K
  class space    used 7440K, capacity 7923K, committed 7936K, reserved 1048576K
Event: 10.787 GC heap after
Heap after GC invocations=12 (full 2):
 PSYoungGen      total 165888K, used 16358K [0x00000000eab00000, 0x00000000f7c80000, 0x0000000100000000)
  eden space 149504K, 0% used [0x00000000eab00000,0x00000000eab00000,0x00000000f3d00000)
  from space 16384K, 99% used [0x00000000f5400000,0x00000000f63f9ba8,0x00000000f6400000)
  to   space 23552K, 0% used [0x00000000f3d00000,0x00000000f3d00000,0x00000000f5400000)
 ParOldGen       total 107008K, used 35528K [0x00000000c0000000, 0x00000000c6880000, 0x00000000eab00000)
  object space 107008K, 33% used [0x00000000c0000000,0x00000000c22b23b0,0x00000000c6880000)
 Metaspace       used 54130K, capacity 56024K, committed 56064K, reserved 1097728K
  class space    used 7440K, capacity 7923K, committed 7936K, reserved 1048576K
}
Event: 11.786 GC heap before
{Heap before GC invocations=13 (full 2):
 PSYoungGen      total 165888K, used 70879K [0x00000000eab00000, 0x00000000f7c80000, 0x0000000100000000)
  eden space 149504K, 36% used [0x00000000eab00000,0x00000000ee03e3f0,0x00000000f3d00000)
  from space 16384K, 99% used [0x00000000f5400000,0x00000000f63f9ba8,0x00000000f6400000)
  to   space 23552K, 0% used [0x00000000f3d00000,0x00000000f3d00000,0x00000000f5400000)
 ParOldGen       total 107008K, used 35528K [0x00000000c0000000, 0x00000000c6880000, 0x00000000eab00000)
  object space 107008K, 33% used [0x00000000c0000000,0x00000000c22b23b0,0x00000000c6880000)
 Metaspace       used 56501K, capacity 58918K, committed 59028K, reserved 1099776K
  class space    used 7744K, capacity 8341K, committed 8448K, reserved 1048576K
Event: 11.819 GC heap after
Heap after GC invocations=13 (full 2):
 PSYoungGen      total 173056K, used 20727K [0x00000000eab00000, 0x00000000f9980000, 0x0000000100000000)
  eden space 149504K, 0% used [0x00000000eab00000,0x00000000eab00000,0x00000000f3d00000)
  from space 23552K, 88% used [0x00000000f3d00000,0x00000000f513df90,0x00000000f5400000)
  to   space 25600K, 0% used [0x00000000f8080000,0x00000000f8080000,0x00000000f9980000)
 ParOldGen       total 107008K, used 35536K [0x00000000c0000000, 0x00000000c6880000, 0x00000000eab00000)
  object space 107008K, 33% used [0x00000000c0000000,0x00000000c22b43b0,0x00000000c6880000)
 Metaspace       used 56501K, capacity 58918K, committed 59028K, reserved 1099776K
  class space    used 7744K, capacity 8341K, committed 8448K, reserved 1048576K
}
Event: 11.819 GC heap before
{Heap before GC invocations=14 (full 3):
 PSYoungGen      total 173056K, used 20727K [0x00000000eab00000, 0x00000000f9980000, 0x0000000100000000)
  eden space 149504K, 0% used [0x00000000eab00000,0x00000000eab00000,0x00000000f3d00000)
  from space 23552K, 88% used [0x00000000f3d00000,0x00000000f513df90,0x00000000f5400000)
  to   space 25600K, 0% used [0x00000000f8080000,0x00000000f8080000,0x00000000f9980000)
 ParOldGen       total 107008K, used 35536K [0x00000000c0000000, 0x00000000c6880000, 0x00000000eab00000)
  object space 107008K, 33% used [0x00000000c0000000,0x00000000c22b43b0,0x00000000c6880000)
 Metaspace       used 56501K, capacity 58918K, committed 59028K, reserved 1099776K
  class space    used 7744K, capacity 8341K, committed 8448K, reserved 1048576K
Event: 12.154 GC heap after
Heap after GC invocations=14 (full 3):
 PSYoungGen      total 173056K, used 0K [0x00000000eab00000, 0x00000000f9980000, 0x0000000100000000)
  eden space 149504K, 0% used [0x00000000eab00000,0x00000000eab00000,0x00000000f3d00000)
  from space 23552K, 0% used [0x00000000f3d00000,0x00000000f3d00000,0x00000000f5400000)
  to   space 25600K, 0% used [0x00000000f8080000,0x00000000f8080000,0x00000000f9980000)
 ParOldGen       total 176128K, used 48072K [0x00000000c0000000, 0x00000000cac00000, 0x00000000eab00000)
  object space 176128K, 27% used [0x00000000c0000000,0x00000000c2ef20a0,0x00000000cac00000)
 Metaspace       used 56501K, capacity 58918K, committed 59028K, reserved 1099776K
  class space    used 7744K, capacity 8341K, committed 8448K, reserved 1048576K
}
Event: 18.103 GC heap before
{Heap before GC invocations=15 (full 3):
 PSYoungGen      total 173056K, used 149504K [0x00000000eab00000, 0x00000000f9980000, 0x0000000100000000)
  eden space 149504K, 100% used [0x00000000eab00000,0x00000000f3d00000,0x00000000f3d00000)
  from space 23552K, 0% used [0x00000000f3d00000,0x00000000f3d00000,0x00000000f5400000)
  to   space 25600K, 0% used [0x00000000f8080000,0x00000000f8080000,0x00000000f9980000)
 ParOldGen       total 176128K, used 48072K [0x00000000c0000000, 0x00000000cac00000, 0x00000000eab00000)
  object space 176128K, 27% used [0x00000000c0000000,0x00000000c2ef20a0,0x00000000cac00000)
 Metaspace       used 62154K, capacity 65068K, committed 65152K, reserved 1105920K
  class space    used 8344K, capacity 9060K, committed 9088K, reserved 1048576K
Event: 18.114 GC heap after
Heap after GC invocations=15 (full 3):
 PSYoungGen      total 190464K, used 12174K [0x00000000eab00000, 0x00000000f8c80000, 0x0000000100000000)
  eden space 178176K, 0% used [0x00000000eab00000,0x00000000eab00000,0x00000000f5900000)
  from space 12288K, 99% used [0x00000000f8080000,0x00000000f8c63a70,0x00000000f8c80000)
  to   space 24576K, 0% used [0x00000000f5c80000,0x00000000f5c80000,0x00000000f7480000)
 ParOldGen       total 176128K, used 48080K [0x00000000c0000000, 0x00000000cac00000, 0x00000000eab00000)
  object space 176128K, 27% used [0x00000000c0000000,0x00000000c2ef40a0,0x00000000cac00000)
 Metaspace       used 62154K, capacity 65068K, committed 65152K, reserved 1105920K
  class space    used 8344K, capacity 9060K, committed 9088K, reserved 1048576K
}
Event: 98.655 GC heap before
{Heap before GC invocations=16 (full 3):
 PSYoungGen      total 190464K, used 190350K [0x00000000eab00000, 0x00000000f8c80000, 0x0000000100000000)
  eden space 178176K, 100% used [0x00000000eab00000,0x00000000f5900000,0x00000000f5900000)
  from space 12288K, 99% used [0x00000000f8080000,0x00000000f8c63a70,0x00000000f8c80000)
  to   space 24576K, 0% used [0x00000000f5c80000,0x00000000f5c80000,0x00000000f7480000)
 ParOldGen       total 176128K, used 48080K [0x00000000c0000000, 0x00000000cac00000, 0x00000000eab00000)
  object space 176128K, 27% used [0x00000000c0000000,0x00000000c2ef40a0,0x00000000cac00000)
 Metaspace       used 64730K, capacity 68280K, committed 68480K, reserved 1107968K
  class space    used 8672K, capacity 9516K, committed 9600K, reserved 1048576K
Event: 98.668 GC heap after
Heap after GC invocations=16 (full 3):
 PSYoungGen      total 206336K, used 8830K [0x00000000eab00000, 0x00000000fa380000, 0x0000000100000000)
  eden space 181760K, 0% used [0x00000000eab00000,0x00000000eab00000,0x00000000f5c80000)
  from space 24576K, 35% used [0x00000000f5c80000,0x00000000f651f900,0x00000000f7480000)
  to   space 24064K, 0% used [0x00000000f8c00000,0x00000000f8c00000,0x00000000fa380000)
 ParOldGen       total 176128K, used 48088K [0x00000000c0000000, 0x00000000cac00000, 0x00000000eab00000)
  object space 176128K, 27% used [0x00000000c0000000,0x00000000c2ef60a0,0x00000000cac00000)
 Metaspace       used 64730K, capacity 68280K, committed 68480K, reserved 1107968K
  class space    used 8672K, capacity 9516K, committed 9600K, reserved 1048576K
}

